<?xml version="1.0" encoding="UTF-8"?>
<testsuite name="CartActionTest" tests="5" skipped="0" failures="0" errors="0" timestamp="2016-07-16T08:07:43" hostname="EC-B303-30" time="0.044">
  <properties/>
  <testcase name="testInputcart" classname="CartActionTest" time="0.001"/>
  <testcase name="testExecute" classname="CartActionTest" time="0.04"/>
  <testcase name="testDeletegood" classname="CartActionTest" time="0.001"/>
  <testcase name="testChangeqtyad" classname="CartActionTest" time="0.0"/>
  <testcase name="testChangeqtyre" classname="CartActionTest" time="0.001"/>
  <system-out><![CDATA[成功
成功
失败
失败
失败
失败
]]></system-out>
  <system-err><![CDATA[]]></system-err>
</testsuite>
