<?xml version="1.0" encoding="UTF-8"?>
<testsuite name="OrderAction" tests="7" skipped="0" failures="0" errors="0" timestamp="2016-07-16T08:07:43" hostname="EC-B303-30" time="0.017">
  <properties/>
  <testcase name="testExecute" classname="OrderAction" time="0.003"/>
  <testcase name="testConfirmGetOrder" classname="OrderAction" time="0.007"/>
  <testcase name="testSubmitorder" classname="OrderAction" time="0.001"/>
  <testcase name="testGoToBuy" classname="OrderAction" time="0.001"/>
  <testcase name="testEvaluateOrder" classname="OrderAction" time="0.001"/>
  <testcase name="testSeeorder" classname="OrderAction" time="0.002"/>
  <testcase name="testGoEvaluate" classname="OrderAction" time="0.001"/>
  <system-out><![CDATA[失败
失败
失败
失败
失败
成功
失败
]]></system-out>
  <system-err><![CDATA[]]></system-err>
</testsuite>
